<?xml version="1.0" encoding="UTF-8"?>
<testsuite xmlns:xsi="http://www.w3.org/2001/XMLSchema-instance" xsi:noNamespaceSchemaLocation="https://maven.apache.org/surefire/maven-surefire-plugin/xsd/surefire-test-report.xsd" version="3.0.2" name="com.Farmer.Farmer_ConnectSP.FarmerConnectSpApplicationTests" time="7.058" tests="1" errors="0" skipped="0" failures="0">
  <properties>
[...]
</properties>
  <testcase name="contextLoads" classname="com.Farmer.Farmer_ConnectSP.FarmerConnectSpApplicationTests" time="0.364">
    <system-out><![CDATA[23:52:35.989 [main] INFO org.springframework.test.context.support.AnnotationConfigContextLoaderUtils -- Could not detect default configuration classes for test class [com.Farmer.Farmer_ConnectSP.FarmerConnectSpApplicationTests]: FarmerConnectSpApplicationTests does not declare any static, non-private, non-final, nested classes annotated with @Configuration.
23:52:36.178 [main] INFO org.springframework.boot.test.context.SpringBootTestContextBootstrapper -- Found @SpringBootConfiguration com.Farmer.Farmer_ConnectSP.FarmerConnectSpApplication for test class com.Farmer.Farmer_ConnectSP.FarmerConnectSpApplicationTests
23:52:36.378 [main] INFO org.springframework.boot.devtools.restart.RestartApplicationListener -- Restart disabled due to context in which it is running

  .   ____          _            __ _ _
 /\\ / ___'_ __ _ _(_)_ __  __ _ \ \ \ \
( ( )\___ | '_ | '_| | '_ \/ _` | \ \ \ \
 \\/  ___)| |_)| | | | | || (_| |  ) ) ) )
  '  |____| .__|_| |_|_| |_\__, | / / / /
 =========|_|==============|___/=/_/_/_/

 :: Spring Boot ::                (v4.0.1)

2026-02-21T23:52:36.652+05:30  INFO 14544 --- [Farmer-ConnectSP] [           main] c.F.F.FarmerConnectSpApplicationTests    : Starting FarmerConnectSpApplicationTests using Java 25.0.1 with PID 14544 (started by preml in E:\Project\Farmer-ConnectSP)
2026-02-21T23:52:36.655+05:30  INFO 14544 --- [Farmer-ConnectSP] [           main] c.F.F.FarmerConnectSpApplicationTests    : No active profile set, falling back to 1 default profile: "default"
2026-02-21T23:52:37.595+05:30  INFO 14544 --- [Farmer-ConnectSP] [           main] .s.d.r.c.RepositoryConfigurationDelegate : Bootstrapping Spring Data JPA repositories in DEFAULT mode.
2026-02-21T23:52:37.696+05:30  INFO 14544 --- [Farmer-ConnectSP] [           main] .s.d.r.c.RepositoryConfigurationDelegate : Finished Spring Data repository scanning in 88 ms. Found 7 JPA repository interfaces.
2026-02-21T23:52:38.324+05:30  INFO 14544 --- [Farmer-ConnectSP] [           main] org.hibernate.orm.jpa                    : HHH008540: Processing PersistenceUnitInfo [name: default]
2026-02-21T23:52:38.389+05:30  INFO 14544 --- [Farmer-ConnectSP] [           main] org.hibernate.orm.core                   : HHH000001: Hibernate ORM core version 7.2.0.Final
2026-02-21T23:52:39.137+05:30  INFO 14544 --- [Farmer-ConnectSP] [           main] o.s.o.j.p.SpringPersistenceUnitInfo      : No LoadTimeWeaver setup: ignoring JPA class transformer
2026-02-21T23:52:39.168+05:30  INFO 14544 --- [Farmer-ConnectSP] [           main] com.zaxxer.hikari.HikariDataSource       : HikariPool-1 - Starting...
2026-02-21T23:52:39.272+05:30  INFO 14544 --- [Farmer-ConnectSP] [           main] com.zaxxer.hikari.pool.HikariPool        : HikariPool-1 - Added connection org.mariadb.jdbc.Connection@2ac3d530
2026-02-21T23:52:39.273+05:30  INFO 14544 --- [Farmer-ConnectSP] [           main] com.zaxxer.hikari.HikariDataSource       : HikariPool-1 - Start completed.
2026-02-21T23:52:39.344+05:30  INFO 14544 --- [Farmer-ConnectSP] [           main] org.hibernate.orm.connections.pooling    : HHH10001005: Database info:
	Database JDBC URL [jdbc:mariadb://localhost/Farmer_connect?user=root&password=***]
	Database driver: MariaDB Connector/J
	Database dialect: MariaDBDialect
	Database version: 12.1.2
	Default catalog/schema: farmer_connect/undefined
	Autocommit mode: undefined/unknown
	Isolation level: REPEATABLE_READ [default REPEATABLE_READ]
	JDBC fetch size: none
	Pool: DataSourceConnectionProvider
	Minimum pool size: undefined/unknown
	Maximum pool size: undefined/unknown
2026-02-21T23:52:39.514+05:30  WARN 14544 --- [Farmer-ConnectSP] [           main] org.hibernate.orm.deprecation            : HHH90000033: Encountered use of deprecated annotation [interface jakarta.persistence.Temporal] at com.Farmer.Farmer_ConnectSP.Entities.Contact.datetime.
2026-02-21T23:52:39.535+05:30  WARN 14544 --- [Farmer-ConnectSP] [           main] org.hibernate.orm.deprecation            : HHH90000033: Encountered use of deprecated annotation [interface jakarta.persistence.Temporal] at com.Farmer.Farmer_ConnectSP.Entities.CustomerRegister.datetime.
2026-02-21T23:52:39.540+05:30  WARN 14544 --- [Farmer-ConnectSP] [           main] org.hibernate.orm.deprecation            : HHH90000033: Encountered use of deprecated annotation [interface jakarta.persistence.Temporal] at com.Farmer.Farmer_ConnectSP.Entities.FarmerRegister.datetime.
2026-02-21T23:52:39.547+05:30  WARN 14544 --- [Farmer-ConnectSP] [           main] org.hibernate.orm.deprecation            : HHH90000033: Encountered use of deprecated annotation [interface jakarta.persistence.Temporal] at com.Farmer.Farmer_ConnectSP.Entities.Junction.datetime.
2026-02-21T23:52:39.551+05:30  WARN 14544 --- [Farmer-ConnectSP] [           main] org.hibernate.orm.deprecation            : HHH90000033: Encountered use of deprecated annotation [interface jakarta.persistence.Temporal] at com.Farmer.Farmer_ConnectSP.Entities.JunctionImg.datetime.
2026-02-21T23:52:39.554+05:30  WARN 14544 --- [Farmer-ConnectSP] [           main] org.hibernate.orm.deprecation            : HHH90000033: Encountered use of deprecated annotation [interface jakarta.persistence.Temporal] at com.Farmer.Farmer_ConnectSP.Entities.JunctionRequest.datetime.
2026-02-21T23:52:39.561+05:30  WARN 14544 --- [Farmer-ConnectSP] [           main] org.hibernate.orm.deprecation            : HHH90000033: Encountered use of deprecated annotation [interface jakarta.persistence.Temporal] at com.Farmer.Farmer_ConnectSP.Entities.Product.datetime.
2026-02-21T23:52:40.447+05:30  INFO 14544 --- [Farmer-ConnectSP] [           main] org.hibernate.orm.core                   : HHH000489: No JTA platform available (set 'hibernate.transaction.jta.platform' to enable JTA platform integration)
2026-02-21T23:52:41.241+05:30  INFO 14544 --- [Farmer-ConnectSP] [           main] j.LocalContainerEntityManagerFactoryBean : Initialized JPA EntityManagerFactory for persistence unit 'default'
2026-02-21T23:52:41.374+05:30  INFO 14544 --- [Farmer-ConnectSP] [           main] o.s.d.j.r.query.QueryEnhancerFactories   : EclipseLink is in classpath; If applicable, EQL parser will be used.
2026-02-21T23:52:41.374+05:30  INFO 14544 --- [Farmer-ConnectSP] [           main] o.s.d.j.r.query.QueryEnhancerFactories   : Hibernate is in classpath; If applicable, HQL parser will be used.
2026-02-21T23:52:41.896+05:30  WARN 14544 --- [Farmer-ConnectSP] [           main] JpaBaseConfiguration$JpaWebConfiguration : spring.jpa.open-in-view is enabled by default. Therefore, database queries may be performed during view rendering. Explicitly configure spring.jpa.open-in-view to disable this warning
2026-02-21T23:52:42.254+05:30  WARN 14544 --- [Farmer-ConnectSP] [           main] ion$DefaultTemplateResolverConfiguration : Cannot find template location: classpath:/templates/ (please add some templates, check your Thymeleaf configuration, or set spring.thymeleaf.check-template-location=false)
2026-02-21T23:52:42.460+05:30  INFO 14544 --- [Farmer-ConnectSP] [           main] c.F.F.FarmerConnectSpApplicationTests    : Started FarmerConnectSpApplicationTests in 6.095 seconds (process running for 7.621)
]]></system-out>
    <system-err><![CDATA[Mockito is currently self-attaching to enable the inline-mock-maker. This will no longer work in future releases of the JDK. Please add Mockito as an agent to your build as described in Mockito's documentation: https://javadoc.io/doc/org.mockito/mockito-core/latest/org.mockito/org/mockito/Mockito.html#0.3
WARNING: A Java agent has been loaded dynamically (C:\Users\preml\.m2\repository\net\bytebuddy\byte-buddy-agent\1.17.8\byte-buddy-agent-1.17.8.jar)
WARNING: If a serviceability tool is in use, please run with -XX:+EnableDynamicAgentLoading to hide this warning
WARNING: If a serviceability tool is not in use, please run with -Djdk.instrument.traceUsage for more information
WARNING: Dynamic loading of agents will be disallowed by default in a future release
]]></system-err>
  </testcase>
</testsuite>